[
  {
    "line": 1,
    "elements": [
      {
        "start_timestamp": "2021-08-12T20:27:34.668Z",
        "before": [
          {
            "result": {
              "duration": 2802000000,
              "status": "passed"
            },
            "match": {
              "location": "com.Step.Definition.StepDefinitions.setup()"
            }
          }
        ],
        "line": 13,
        "name": "find a recipe",
        "description": "",
        "id": "test-addition-using-google-calculator;find-a-recipe;;2",
        "after": [
          {
            "result": {
              "duration": 360000000,
              "status": "passed"
            },
            "match": {
              "location": "com.Step.Definition.StepDefinitions.end()"
            }
          }
        ],
        "type": "scenario",
        "keyword": "Scenario Outline",
        "steps": [
          {
            "result": {
              "duration": 7752000000,
              "status": "passed"
            },
            "line": 6,
            "name": "Navigate the browser to \"https://www.allrecipes.com\"",
            "match": {
              "arguments": [
                {
                  "val": "\"https://www.allrecipes.com\"",
                  "offset": 24
                }
              ],
              "location": "com.Step.Definition.StepDefinitions.navigateTheBrowserToURL(java.lang.String)"
            },
            "keyword": "Given "
          },
          {
            "result": {
              "duration": 189000000,
              "status": "passed"
            },
            "line": 7,
            "name": "Search field is found",
            "match": {
              "location": "com.Step.Definition.StepDefinitions.objectWithAvailable()"
            },
            "keyword": "When "
          },
          {
            "result": {
              "error_message": "org.openqa.selenium.TimeoutException: Expected condition failed: waiting for presence of element located by: By.xpath: //div/a[contains(@title,\u0027asdqwwq\u0027)] (tried for 10 second(s) with 500 milliseconds interval)\n\tat org.openqa.selenium.support.ui.WebDriverWait.timeoutException(WebDriverWait.java:95)\n\tat org.openqa.selenium.support.ui.FluentWait.until(FluentWait.java:272)\n\tat PageLibrary.AllRecipeMainPage.searchRecipe(AllRecipeMainPage.java:38)\n\tat com.Step.Definition.StepDefinitions.searchFor(StepDefinitions.java:43)\n\tat âœ½.Search for \"asdqwwq\" , fail if nothing comes up(file:///Users/faizmuhammad/Repository/SAF/src/test/resources/Allrecipies.feature:8)\nCaused by: org.openqa.selenium.NoSuchElementException: no such element: Unable to locate element: {\"method\":\"xpath\",\"selector\":\"//div/a[contains(@title,\u0027asdqwwq\u0027)]\"}\n  (Session info: headless chrome\u003d92.0.4515.131)\nFor documentation on this error, please visit: https://www.seleniumhq.org/exceptions/no_such_element.html\nBuild info: version: \u00273.141.59\u0027, revision: \u0027e82be7d358\u0027, time: \u00272018-11-14T08:17:03\u0027\nSystem info: host: \u0027Faizs-MBP-2\u0027, ip: \u0027fe80:0:0:0:86f:d4a5:b5f1:695b%en0\u0027, os.name: \u0027Mac OS X\u0027, os.arch: \u0027x86_64\u0027, os.version: \u002710.16\u0027, java.version: \u00271.8.0_161\u0027\nDriver info: org.openqa.selenium.chrome.ChromeDriver\nCapabilities {acceptInsecureCerts: false, browserName: chrome, browserVersion: 92.0.4515.131, chrome: {chromedriverVersion: 92.0.4515.107 (87a818b10553..., userDataDir: /var/folders/yf/vw9wfc7s7p9...}, goog:chromeOptions: {debuggerAddress: localhost:60066}, javascriptEnabled: true, networkConnectionEnabled: false, pageLoadStrategy: normal, platform: MAC, platformName: MAC, proxy: Proxy(), setWindowRect: true, strictFileInteractability: false, timeouts: {implicit: 0, pageLoad: 300000, script: 30000}, unhandledPromptBehavior: dismiss and notify, webauthn:extension:credBlob: true, webauthn:extension:largeBlob: true, webauthn:virtualAuthenticators: true}\nSession ID: 33634091bb0ba9e4b9f49b1175f38766\n*** Element info: {Using\u003dxpath, value\u003d//div/a[contains(@title,\u0027asdqwwq\u0027)]}\n\tat sun.reflect.GeneratedConstructorAccessor10.newInstance(Unknown Source)\n\tat sun.reflect.DelegatingConstructorAccessorImpl.newInstance(DelegatingConstructorAccessorImpl.java:45)\n\tat java.lang.reflect.Constructor.newInstance(Constructor.java:423)\n\tat org.openqa.selenium.remote.http.W3CHttpResponseCodec.createException(W3CHttpResponseCodec.java:187)\n\tat org.openqa.selenium.remote.http.W3CHttpResponseCodec.decode(W3CHttpResponseCodec.java:122)\n\tat org.openqa.selenium.remote.http.W3CHttpResponseCodec.decode(W3CHttpResponseCodec.java:49)\n\tat org.openqa.selenium.remote.HttpCommandExecutor.execute(HttpCommandExecutor.java:158)\n\tat org.openqa.selenium.remote.service.DriverCommandExecutor.execute(DriverCommandExecutor.java:83)\n\tat org.openqa.selenium.remote.RemoteWebDriver.execute(RemoteWebDriver.java:552)\n\tat org.openqa.selenium.remote.RemoteWebDriver.findElement(RemoteWebDriver.java:323)\n\tat org.openqa.selenium.remote.RemoteWebDriver.findElementByXPath(RemoteWebDriver.java:428)\n\tat org.openqa.selenium.By$ByXPath.findElement(By.java:353)\n\tat org.openqa.selenium.remote.RemoteWebDriver.findElement(RemoteWebDriver.java:315)\n\tat sun.reflect.GeneratedMethodAccessor17.invoke(Unknown Source)\n\tat sun.reflect.DelegatingMethodAccessorImpl.invoke(DelegatingMethodAccessorImpl.java:43)\n\tat java.lang.reflect.Method.invoke(Method.java:498)\n\tat org.openqa.selenium.support.events.EventFiringWebDriver.lambda$new$1(EventFiringWebDriver.java:105)\n\tat com.sun.proxy.$Proxy12.findElement(Unknown Source)\n\tat org.openqa.selenium.support.events.EventFiringWebDriver.findElement(EventFiringWebDriver.java:194)\n\tat org.openqa.selenium.support.ui.ExpectedConditions$6.apply(ExpectedConditions.java:182)\n\tat org.openqa.selenium.support.ui.ExpectedConditions$6.apply(ExpectedConditions.java:179)\n\tat org.openqa.selenium.support.ui.FluentWait.until(FluentWait.java:249)\n\tat PageLibrary.AllRecipeMainPage.searchRecipe(AllRecipeMainPage.java:38)\n\tat com.Step.Definition.StepDefinitions.searchFor(StepDefinitions.java:43)\n\tat sun.reflect.NativeMethodAccessorImpl.invoke0(Native Method)\n\tat sun.reflect.NativeMethodAccessorImpl.invoke(NativeMethodAccessorImpl.java:62)\n\tat sun.reflect.DelegatingMethodAccessorImpl.invoke(DelegatingMethodAccessorImpl.java:43)\n\tat java.lang.reflect.Method.invoke(Method.java:498)\n\tat io.cucumber.java.Invoker.doInvoke(Invoker.java:66)\n\tat io.cucumber.java.Invoker.invoke(Invoker.java:24)\n\tat io.cucumber.java.AbstractGlueDefinition.invokeMethod(AbstractGlueDefinition.java:47)\n\tat io.cucumber.java.JavaStepDefinition.execute(JavaStepDefinition.java:29)\n\tat io.cucumber.core.runner.CoreStepDefinition.execute(CoreStepDefinition.java:66)\n\tat io.cucumber.core.runner.PickleStepDefinitionMatch.runStep(PickleStepDefinitionMatch.java:63)\n\tat io.cucumber.core.runner.ExecutionMode$1.execute(ExecutionMode.java:10)\n\tat io.cucumber.core.runner.TestStep.executeStep(TestStep.java:92)\n\tat io.cucumber.core.runner.TestStep.run(TestStep.java:64)\n\tat io.cucumber.core.runner.PickleStepTestStep.run(PickleStepTestStep.java:51)\n\tat io.cucumber.core.runner.TestCase.run(TestCase.java:104)\n\tat io.cucumber.core.runner.Runner.runPickle(Runner.java:73)\n\tat io.cucumber.core.runtime.Runtime.lambda$execute$5(Runtime.java:110)\n\tat io.cucumber.core.runtime.CucumberExecutionContext.runTestCase(CucumberExecutionContext.java:117)\n\tat io.cucumber.core.runtime.Runtime.lambda$execute$6(Runtime.java:110)\n\tat java.util.concurrent.Executors$RunnableAdapter.call(Executors.java:511)\n\tat java.util.concurrent.FutureTask.run(FutureTask.java:266)\n\tat io.cucumber.core.runtime.Runtime$SameThreadExecutorService.execute(Runtime.java:233)\n\tat java.util.concurrent.AbstractExecutorService.submit(AbstractExecutorService.java:112)\n\tat io.cucumber.core.runtime.Runtime.lambda$run$2(Runtime.java:86)\n\tat java.util.stream.ReferencePipeline$3$1.accept(ReferencePipeline.java:193)\n\tat java.util.stream.SliceOps$1$1.accept(SliceOps.java:204)\n\tat java.util.ArrayList$ArrayListSpliterator.tryAdvance(ArrayList.java:1359)\n\tat java.util.stream.ReferencePipeline.forEachWithCancel(ReferencePipeline.java:126)\n\tat java.util.stream.AbstractPipeline.copyIntoWithCancel(AbstractPipeline.java:498)\n\tat java.util.stream.AbstractPipeline.copyInto(AbstractPipeline.java:485)\n\tat java.util.stream.AbstractPipeline.wrapAndCopyInto(AbstractPipeline.java:471)\n\tat java.util.stream.ReduceOps$ReduceOp.evaluateSequential(ReduceOps.java:708)\n\tat java.util.stream.AbstractPipeline.evaluate(AbstractPipeline.java:234)\n\tat java.util.stream.ReferencePipeline.collect(ReferencePipeline.java:499)\n\tat io.cucumber.core.runtime.Runtime.run(Runtime.java:87)\n\tat io.cucumber.core.cli.Main.run(Main.java:92)\n\tat io.cucumber.core.cli.Main.main(Main.java:34)\n",
              "duration": 15935000000,
              "status": "failed"
            },
            "line": 8,
            "name": "Search for \"asdqwwq\" , fail if nothing comes up",
            "match": {
              "arguments": [
                {
                  "val": "\"asdqwwq\"",
                  "offset": 11
                }
              ],
              "location": "com.Step.Definition.StepDefinitions.searchFor(java.lang.String)"
            },
            "keyword": "Then "
          }
        ],
        "tags": [
          {
            "name": "@web"
          }
        ]
      }
    ],
    "name": "Test addition using Google Calculator",
    "description": "",
    "id": "test-addition-using-google-calculator",
    "keyword": "Feature",
    "uri": "file:src/test/resources/Allrecipies.feature",
    "tags": []
  }
]